  Dashboard.cpp
C:\Users\New PC\Repositories\Design_project_cafeteria\CafeteriaProject\CafeteriaProject\Dashboard.h(833,33): error C2228: left of '.Rows' must have class/struct/union
  (compiling source file 'Dashboard.cpp')
      C:\Users\New PC\Repositories\Design_project_cafeteria\CafeteriaProject\CafeteriaProject\Dashboard.h(833,33):
      type is 'System::Windows::Forms::DataGridView ^'
      C:\Users\New PC\Repositories\Design_project_cafeteria\CafeteriaProject\CafeteriaProject\Dashboard.h(833,33):
      did you intend to use '->' instead?
  
C:\Users\New PC\Repositories\Design_project_cafeteria\CafeteriaProject\CafeteriaProject\Dashboard.h(921,26): error C2440: '=': cannot convert from 'const wchar_t [10]' to 'System::Windows::Forms::DataGridViewTextBoxColumn ^'
  (compiling source file 'Dashboard.cpp')
      C:\Users\New PC\Repositories\Design_project_cafeteria\CafeteriaProject\CafeteriaProject\Dashboard.h(921,26):
      Reason: cannot convert from 'const wchar_t *' to 'System::Windows::Forms::DataGridViewTextBoxColumn ^'
      C:\Users\New PC\Repositories\Design_project_cafeteria\CafeteriaProject\CafeteriaProject\Dashboard.h(921,26):
      No user-defined-conversion operator available, or
      C:\Users\New PC\Repositories\Design_project_cafeteria\CafeteriaProject\CafeteriaProject\Dashboard.h(921,26):
      Cannot convert a native type to a managed type
  
C:\Users\New PC\Repositories\Design_project_cafeteria\CafeteriaProject\CafeteriaProject\Dashboard.h(991,1): error C2447: '{': missing function header (old-style formal list?)
  (compiling source file 'Dashboard.cpp')
  
C:\Users\New PC\Repositories\Design_project_cafeteria\CafeteriaProject\CafeteriaProject\Dashboard.h(1019,2): error C2337: 'STAThread': attribute not found
  (compiling source file 'Dashboard.cpp')
  
C:\Users\New PC\Repositories\Design_project_cafeteria\CafeteriaProject\CafeteriaProject\Dashboard.h(1022,5): error C2065: 'Application': undeclared identifier
  (compiling source file 'Dashboard.cpp')
  
C:\Users\New PC\Repositories\Design_project_cafeteria\CafeteriaProject\CafeteriaProject\Dashboard.h(1023,5): error C2065: 'Application': undeclared identifier
  (compiling source file 'Dashboard.cpp')
  
C:\Users\New PC\Repositories\Design_project_cafeteria\CafeteriaProject\CafeteriaProject\Dashboard.h(1024,5): error C2065: 'Application': undeclared identifier
  (compiling source file 'Dashboard.cpp')
  
C:\Users\New PC\Repositories\Design_project_cafeteria\CafeteriaProject\CafeteriaProject\Dashboard.h(1024,25): error C2061: syntax error: identifier 'MainForm'
  (compiling source file 'Dashboard.cpp')
  
C:\Users\New PC\Repositories\Design_project_cafeteria\CafeteriaProject\CafeteriaProject\Dashboard.h(1026,5): error C2059: syntax error: '}'
  (compiling source file 'Dashboard.cpp')
  
C:\Users\New PC\Repositories\Design_project_cafeteria\CafeteriaProject\CafeteriaProject\Dashboard.h(1026,5): error C2143: syntax error: missing ';' before '}'
  (compiling source file 'Dashboard.cpp')
  
C:\Users\New PC\Repositories\Design_project_cafeteria\CafeteriaProject\CafeteriaProject\Dashboard.h(1027,1): error C2143: syntax error: missing ';' before '}'
  (compiling source file 'Dashboard.cpp')
  
C:\Users\New PC\Repositories\Design_project_cafeteria\CafeteriaProject\CafeteriaProject\Dashboard.h(1027,1): error C2059: syntax error: '}'
  (compiling source file 'Dashboard.cpp')
  
  MainForm.cpp
C:\Users\New PC\Repositories\Design_project_cafeteria\CafeteriaProject\CafeteriaProject\MainForm.h(13,5): error C1075: '{': no matching token found
  (compiling source file 'MainForm.cpp')
  
  Generating Code...
